Using pre-set license
Built from '2020.2/release' branch; Version is '2020.2.1f1 (270dd8c3da1c) revision 2559448'; Using compiler version '192528614'; Build Type 'Release'
OS: 'Windows 10  (10.0.0) 64bit' Language: 'ko' Physical Memory: 32694 MB
BatchMode: 1, IsHumanControllingUs: 0, StartBugReporterOnCrash: 0, Is64bit: 1, IsPro: 0

 COMMAND LINE ARGUMENTS:
C:\Program Files\Unity\Hub\Editor\2020.2.1f1\Editor\Unity.exe
-adb2
-batchMode
-noUpm
-name
AssetImportWorker0
-projectPath
C:/Box/workspace/netrunner
-logFile
Logs/AssetImportWorker0.log
-srvPort
3478
Successfully changed project path to: C:/Box/workspace/netrunner
C:/Box/workspace/netrunner
Using Asset Import Pipeline V2.
Refreshing native plugins compatible for Editor in 36.42 ms, found 0 plugins.
Preloading 0 native plugins for Editor in 0.00 ms.
Initialize engine version: 2020.2.1f1 (270dd8c3da1c)
[Subsystems] Discovering subsystems at path C:/Program Files/Unity/Hub/Editor/2020.2.1f1/Editor/Data/Resources/UnitySubsystems
[Subsystems] Discovering subsystems at path C:/Box/workspace/netrunner/Assets
GfxDevice: creating device client; threaded=0
Direct3D:
    Version:  Direct3D 11.0 [level 11.1]
    Renderer: NVIDIA GeForce GTX 1650 (ID=0x1f82)
    Vendor:   
    VRAM:     3962 MB
    Driver:   27.21.14.5671
Initialize mono
Mono path[0] = 'C:/Program Files/Unity/Hub/Editor/2020.2.1f1/Editor/Data/Managed'
Mono path[1] = 'C:/Program Files/Unity/Hub/Editor/2020.2.1f1/Editor/Data/MonoBleedingEdge/lib/mono/unityjit'
Mono config path = 'C:/Program Files/Unity/Hub/Editor/2020.2.1f1/Editor/Data/MonoBleedingEdge/etc'
Using monoOptions --debugger-agent=transport=dt_socket,embedding=1,server=y,suspend=n,address=127.0.0.1:56540
Begin MonoManager ReloadAssembly
Registering precompiled unity dll's ...
Register platform support module: C:/Program Files/Unity/Hub/Editor/2020.2.1f1/Editor/Data/PlaybackEngines/WindowsStandaloneSupport/UnityEditor.WindowsStandalone.Extensions.dll
Registered in 0.001307 seconds.
Native extension for WindowsStandalone target not found
Refreshing native plugins compatible for Editor in 32.21 ms, found 0 plugins.
Preloading 0 native plugins for Editor in 0.00 ms.
Invoked RoslynAnalysisRunner static constructor.
RoslynAnalysisRunner will not be running.
RoslynAnalysisRunner has terminated.
Mono: successfully reloaded assembly
- Completed reload, in  0.806 seconds
Platform modules already initialized, skipping
Registering precompiled user dll's ...
Registered in 0.002767 seconds.
Begin MonoManager ReloadAssembly
Native extension for WindowsStandalone target not found
Refreshing native plugins compatible for Editor in 0.52 ms, found 0 plugins.
Preloading 0 native plugins for Editor in 0.00 ms.
Invoked RoslynAnalysisRunner static constructor.
RoslynAnalysisRunner will not be running.
RoslynAnalysisRunner has terminated.
Mono: successfully reloaded assembly
- Completed reload, in  0.667 seconds
Platform modules already initialized, skipping
========================================================================
Worker process is ready to serve import requests
Launched and connected shader compiler UnityShaderCompiler.exe after 0.02 seconds
Refreshing native plugins compatible for Editor in 0.42 ms, found 0 plugins.
Preloading 0 native plugins for Editor in 0.00 ms.
Unloading 1584 Unused Serialized files (Serialized files now loaded: 0)
System memory in use before: 71.4 MB.
System memory in use after: 71.5 MB.

Unloading 37 unused Assets to reduce memory usage. Loaded Objects now: 2007.
Total: 1.499600 ms (FindLiveObjects: 0.187800 ms CreateObjectMapping: 0.033700 ms MarkObjects: 1.235700 ms  DeleteObjects: 0.041400 ms)

========================================================================
Received Import Request.
  path: Assets/Scenes
  artifactKey: Guid(131a6b21c8605f84396be9f6751fb6e3) Importer(815301076,1909f56bfc062723c751e8b465ee728b)
Start importing Assets/Scenes using Guid(131a6b21c8605f84396be9f6751fb6e3) Importer(815301076,1909f56bfc062723c751e8b465ee728b)  -> (artifact id: '6a3641cb6b9ad48032c8e60bb93a51cb') in 0.007774 seconds
  Import took 0.010129 seconds .

========================================================================
Received Import Request.
  Time since last request: 0.000145 seconds.
  path: Assets/TilePalettes
  artifactKey: Guid(440f993f48e510a46962f1df86e27f41) Importer(815301076,1909f56bfc062723c751e8b465ee728b)
Start importing Assets/TilePalettes using Guid(440f993f48e510a46962f1df86e27f41) Importer(815301076,1909f56bfc062723c751e8b465ee728b)  -> (artifact id: '46273181837af62fe63ffd805dc1e81d') in 0.005145 seconds
  Import took 0.007040 seconds .

========================================================================
Received Import Request.
  Time since last request: 0.000153 seconds.
  path: Assets/Scenes/map1-1.unity
  artifactKey: Guid(83a79d567ff8b764aa90f6b0a42849c1) Importer(815301076,1909f56bfc062723c751e8b465ee728b)
Start importing Assets/Scenes/map1-1.unity using Guid(83a79d567ff8b764aa90f6b0a42849c1) Importer(815301076,1909f56bfc062723c751e8b465ee728b)  -> (artifact id: '7c4651a9f27a535a9c3977d4b1d44639') in 0.009934 seconds
  Import took 0.012510 seconds .

========================================================================
Received Import Request.
  Time since last request: 0.010638 seconds.
  path: Assets/Scenes/map1-1.unity
  artifactKey: Guid(83a79d567ff8b764aa90f6b0a42849c1) Importer(815301076,1909f56bfc062723c751e8b465ee728b)
Start importing Assets/Scenes/map1-1.unity using Guid(83a79d567ff8b764aa90f6b0a42849c1) Importer(815301076,1909f56bfc062723c751e8b465ee728b)  -> (artifact id: '7c4651a9f27a535a9c3977d4b1d44639') in 0.001798 seconds
  Import took 0.003958 seconds .

========================================================================
Received Import Request.
  Time since last request: 0.103986 seconds.
  path: Assets/Scenes/EnemyTest.unity
  artifactKey: Guid(4d0fc5ac432fb4842890fa1daf102def) Importer(815301076,1909f56bfc062723c751e8b465ee728b)
Start importing Assets/Scenes/EnemyTest.unity using Guid(4d0fc5ac432fb4842890fa1daf102def) Importer(815301076,1909f56bfc062723c751e8b465ee728b)  -> (artifact id: '7c726a95f17da73bf71d791a974f962b') in 0.005262 seconds
  Import took 0.007517 seconds .

========================================================================
Received Import Request.
  Time since last request: 0.000323 seconds.
  path: Assets/Scenes/EnemyTest.unity
  artifactKey: Guid(4d0fc5ac432fb4842890fa1daf102def) Importer(815301076,1909f56bfc062723c751e8b465ee728b)
Start importing Assets/Scenes/EnemyTest.unity using Guid(4d0fc5ac432fb4842890fa1daf102def) Importer(815301076,1909f56bfc062723c751e8b465ee728b)  -> (artifact id: '7c726a95f17da73bf71d791a974f962b') in 0.001965 seconds
  Import took 0.004319 seconds .

========================================================================
Received Import Request.
  Time since last request: 0.351804 seconds.
  path: Assets/Scenes/MainMenu.unity
  artifactKey: Guid(ab1e5145b8c769a499688f8cc74cc941) Importer(815301076,1909f56bfc062723c751e8b465ee728b)
Start importing Assets/Scenes/MainMenu.unity using Guid(ab1e5145b8c769a499688f8cc74cc941) Importer(815301076,1909f56bfc062723c751e8b465ee728b)  -> (artifact id: '18ba56f39666894a72a46eadf763896f') in 0.005203 seconds
  Import took 0.007395 seconds .

========================================================================
Received Import Request.
  Time since last request: 0.000199 seconds.
  path: Assets/Scenes/MainMenu.unity
  artifactKey: Guid(ab1e5145b8c769a499688f8cc74cc941) Importer(815301076,1909f56bfc062723c751e8b465ee728b)
Start importing Assets/Scenes/MainMenu.unity using Guid(ab1e5145b8c769a499688f8cc74cc941) Importer(815301076,1909f56bfc062723c751e8b465ee728b)  -> (artifact id: '18ba56f39666894a72a46eadf763896f') in 0.002015 seconds
  Import took 0.004083 seconds .

========================================================================
Received Prepare
Registering precompiled user dll's ...
Registered in 0.002584 seconds.
Begin MonoManager ReloadAssembly
Native extension for WindowsStandalone target not found
Refreshing native plugins compatible for Editor in 0.45 ms, found 0 plugins.
Preloading 0 native plugins for Editor in 0.00 ms.
Invoked RoslynAnalysisRunner static constructor.
RoslynAnalysisRunner will not be running.
RoslynAnalysisRunner has terminated.
Mono: successfully reloaded assembly
- Completed reload, in  0.612 seconds
Platform modules already initialized, skipping
Refreshing native plugins compatible for Editor in 0.37 ms, found 0 plugins.
Preloading 0 native plugins for Editor in 0.00 ms.
Unloading 1577 Unused Serialized files (Serialized files now loaded: 0)
System memory in use before: 71.3 MB.
System memory in use after: 71.4 MB.

Unloading 28 unused Assets to reduce memory usage. Loaded Objects now: 2009.
Total: 1.533500 ms (FindLiveObjects: 0.276100 ms CreateObjectMapping: 0.033400 ms MarkObjects: 1.203300 ms  DeleteObjects: 0.019900 ms)

========================================================================
Received Prepare
Registering precompiled user dll's ...
Registered in 0.002664 seconds.
Begin MonoManager ReloadAssembly
Native extension for WindowsStandalone target not found
Refreshing native plugins compatible for Editor in 0.45 ms, found 0 plugins.
Preloading 0 native plugins for Editor in 0.00 ms.
Invoked RoslynAnalysisRunner static constructor.
RoslynAnalysisRunner will not be running.
RoslynAnalysisRunner has terminated.
Mono: successfully reloaded assembly
- Completed reload, in  0.626 seconds
Platform modules already initialized, skipping
Refreshing native plugins compatible for Editor in 0.45 ms, found 0 plugins.
Preloading 0 native plugins for Editor in 0.00 ms.
Unloading 1577 Unused Serialized files (Serialized files now loaded: 0)
System memory in use before: 71.4 MB.
System memory in use after: 71.5 MB.

Unloading 28 unused Assets to reduce memory usage. Loaded Objects now: 2011.
Total: 1.523200 ms (FindLiveObjects: 0.198100 ms CreateObjectMapping: 0.031900 ms MarkObjects: 1.272800 ms  DeleteObjects: 0.019100 ms)

========================================================================
Received Import Request.
  Time since last request: 100.519884 seconds.
  path: Assets/Scripts/keytest.cs
  artifactKey: Guid(9dba1524db3e21f4f931c613e8912c83) Importer(815301076,1909f56bfc062723c751e8b465ee728b)
Start importing Assets/Scripts/keytest.cs using Guid(9dba1524db3e21f4f931c613e8912c83) Importer(815301076,1909f56bfc062723c751e8b465ee728b)  -> (artifact id: 'b726486d0f72c3952885ab5b05fea2ca') in 0.021264 seconds
  Import took 0.023904 seconds .

========================================================================
Received Prepare
Registering precompiled user dll's ...
Registered in 0.002746 seconds.
Begin MonoManager ReloadAssembly
Native extension for WindowsStandalone target not found
Refreshing native plugins compatible for Editor in 0.44 ms, found 0 plugins.
Preloading 0 native plugins for Editor in 0.00 ms.
Invoked RoslynAnalysisRunner static constructor.
RoslynAnalysisRunner will not be running.
RoslynAnalysisRunner has terminated.
Mono: successfully reloaded assembly
- Completed reload, in  0.624 seconds
Platform modules already initialized, skipping
Refreshing native plugins compatible for Editor in 0.44 ms, found 0 plugins.
Preloading 0 native plugins for Editor in 0.00 ms.
Unloading 1577 Unused Serialized files (Serialized files now loaded: 0)
System memory in use before: 71.5 MB.
System memory in use after: 71.6 MB.

Unloading 28 unused Assets to reduce memory usage. Loaded Objects now: 2013.
Total: 1.420000 ms (FindLiveObjects: 0.175700 ms CreateObjectMapping: 0.030600 ms MarkObjects: 1.197600 ms  DeleteObjects: 0.015300 ms)

========================================================================
Received Import Request.
  Time since last request: 44.735816 seconds.
  path: Assets/Network
  artifactKey: Guid(ced56a6889c2fce4c87a1bbd01429644) Importer(815301076,1909f56bfc062723c751e8b465ee728b)
Start importing Assets/Network using Guid(ced56a6889c2fce4c87a1bbd01429644) Importer(815301076,1909f56bfc062723c751e8b465ee728b)  -> (artifact id: '960f5f6e69fdbb19e48b9796e7c13783') in 0.007713 seconds
  Import took 0.010059 seconds .

========================================================================
Received Import Request.
  Time since last request: 0.000404 seconds.
  path: Assets/Network
  artifactKey: Guid(ced56a6889c2fce4c87a1bbd01429644) Importer(815301076,1909f56bfc062723c751e8b465ee728b)
Start importing Assets/Network using Guid(ced56a6889c2fce4c87a1bbd01429644) Importer(815301076,1909f56bfc062723c751e8b465ee728b)  -> (artifact id: '960f5f6e69fdbb19e48b9796e7c13783') in 0.001962 seconds
  Import took 0.003690 seconds .

========================================================================
Received Prepare
Registering precompiled user dll's ...
Registered in 0.002706 seconds.
Begin MonoManager ReloadAssembly
Native extension for WindowsStandalone target not found
Refreshing native plugins compatible for Editor in 0.45 ms, found 0 plugins.
Preloading 0 native plugins for Editor in 0.00 ms.
Invoked RoslynAnalysisRunner static constructor.
RoslynAnalysisRunner will not be running.
RoslynAnalysisRunner has terminated.
Mono: successfully reloaded assembly
- Completed reload, in  0.635 seconds
Platform modules already initialized, skipping
Refreshing native plugins compatible for Editor in 0.39 ms, found 0 plugins.
Preloading 0 native plugins for Editor in 0.00 ms.
Unloading 1577 Unused Serialized files (Serialized files now loaded: 0)
System memory in use before: 71.6 MB.
System memory in use after: 71.7 MB.

Unloading 28 unused Assets to reduce memory usage. Loaded Objects now: 2015.
Total: 1.623400 ms (FindLiveObjects: 0.221300 ms CreateObjectMapping: 0.038700 ms MarkObjects: 1.342800 ms  DeleteObjects: 0.019400 ms)

========================================================================
Received Prepare
Registering precompiled user dll's ...
Registered in 0.002795 seconds.
Begin MonoManager ReloadAssembly
Native extension for WindowsStandalone target not found
Refreshing native plugins compatible for Editor in 0.45 ms, found 0 plugins.
Preloading 0 native plugins for Editor in 0.00 ms.
Invoked RoslynAnalysisRunner static constructor.
RoslynAnalysisRunner will not be running.
RoslynAnalysisRunner has terminated.
Mono: successfully reloaded assembly
- Completed reload, in  0.625 seconds
Platform modules already initialized, skipping
Refreshing native plugins compatible for Editor in 0.49 ms, found 0 plugins.
Preloading 0 native plugins for Editor in 0.00 ms.
Unloading 1577 Unused Serialized files (Serialized files now loaded: 0)
System memory in use before: 71.7 MB.
System memory in use after: 71.8 MB.

Unloading 28 unused Assets to reduce memory usage. Loaded Objects now: 2017.
Total: 1.711500 ms (FindLiveObjects: 0.262200 ms CreateObjectMapping: 0.047000 ms MarkObjects: 1.374700 ms  DeleteObjects: 0.026500 ms)

========================================================================
Received Import Request.
  Time since last request: 202.219098 seconds.
  path: Assets/Scenes/tutorial1.unity
  artifactKey: Guid(96572591c978e094f88ef75b067cf114) Importer(815301076,1909f56bfc062723c751e8b465ee728b)
Start importing Assets/Scenes/tutorial1.unity using Guid(96572591c978e094f88ef75b067cf114) Importer(815301076,1909f56bfc062723c751e8b465ee728b)  -> (artifact id: '6fc4f5ed3f11bd06ce866d5bf14372e7') in 0.013692 seconds
  Import took 0.016159 seconds .

========================================================================
Received Import Request.
  Time since last request: 2.746110 seconds.
  path: Assets/Scenes/MovementTestScene.unity
  artifactKey: Guid(a8aeb9586405ff14ea7f6d5c70325f2d) Importer(815301076,1909f56bfc062723c751e8b465ee728b)
Start importing Assets/Scenes/MovementTestScene.unity using Guid(a8aeb9586405ff14ea7f6d5c70325f2d) Importer(815301076,1909f56bfc062723c751e8b465ee728b)  -> (artifact id: '68c88ea6db74394a25b7a58e6b3df722') in 0.006138 seconds
  Import took 0.008553 seconds .

========================================================================
Received Import Request.
  Time since last request: 0.001489 seconds.
  path: Assets/Scenes/MovementTestScene.unity
  artifactKey: Guid(a8aeb9586405ff14ea7f6d5c70325f2d) Importer(815301076,1909f56bfc062723c751e8b465ee728b)
Start importing Assets/Scenes/MovementTestScene.unity using Guid(a8aeb9586405ff14ea7f6d5c70325f2d) Importer(815301076,1909f56bfc062723c751e8b465ee728b)  -> (artifact id: '68c88ea6db74394a25b7a58e6b3df722') in 0.002050 seconds
  Import took 0.004335 seconds .

========================================================================
Received Import Request.
  Time since last request: 1.609300 seconds.
  path: Assets/Scenes/map1-2.unity
  artifactKey: Guid(05f83320dce5477408a3f3435b01ff7a) Importer(815301076,1909f56bfc062723c751e8b465ee728b)
Start importing Assets/Scenes/map1-2.unity using Guid(05f83320dce5477408a3f3435b01ff7a) Importer(815301076,1909f56bfc062723c751e8b465ee728b)  -> (artifact id: '52e6e49a4d00c3a2d53094bd73f7bfa2') in 0.006309 seconds
  Import took 0.008736 seconds .

========================================================================
Received Import Request.
  Time since last request: 0.001518 seconds.
  path: Assets/Scenes/map1-2.unity
  artifactKey: Guid(05f83320dce5477408a3f3435b01ff7a) Importer(815301076,1909f56bfc062723c751e8b465ee728b)
Start importing Assets/Scenes/map1-2.unity using Guid(05f83320dce5477408a3f3435b01ff7a) Importer(815301076,1909f56bfc062723c751e8b465ee728b)  -> (artifact id: '52e6e49a4d00c3a2d53094bd73f7bfa2') in 0.002130 seconds
  Import took 0.004068 seconds .

========================================================================
Received Import Request.
  Time since last request: 6.205552 seconds.
  path: Assets/Scenes/MovementTestScene 1.unity
  artifactKey: Guid(61475689d081b6c4c80f60c23829ff42) Importer(815301076,1909f56bfc062723c751e8b465ee728b)
Start importing Assets/Scenes/MovementTestScene 1.unity using Guid(61475689d081b6c4c80f60c23829ff42) Importer(815301076,1909f56bfc062723c751e8b465ee728b)  -> (artifact id: 'da2e787a5341fd73992113bd5479b894') in 0.005338 seconds
  Import took 0.007740 seconds .

========================================================================
Received Import Request.
  Time since last request: 0.004770 seconds.
  path: Assets/Scenes/MovementTestScene 1.unity
  artifactKey: Guid(61475689d081b6c4c80f60c23829ff42) Importer(815301076,1909f56bfc062723c751e8b465ee728b)
Start importing Assets/Scenes/MovementTestScene 1.unity using Guid(61475689d081b6c4c80f60c23829ff42) Importer(815301076,1909f56bfc062723c751e8b465ee728b)  -> (artifact id: 'da2e787a5341fd73992113bd5479b894') in 0.002061 seconds
  Import took 0.004351 seconds .

========================================================================
Received Prepare
Registering precompiled user dll's ...
Registered in 0.002664 seconds.
Begin MonoManager ReloadAssembly
Native extension for WindowsStandalone target not found
Refreshing native plugins compatible for Editor in 0.44 ms, found 0 plugins.
Preloading 0 native plugins for Editor in 0.00 ms.
Invoked RoslynAnalysisRunner static constructor.
RoslynAnalysisRunner will not be running.
RoslynAnalysisRunner has terminated.
Mono: successfully reloaded assembly
- Completed reload, in  0.606 seconds
Platform modules already initialized, skipping
Refreshing native plugins compatible for Editor in 0.40 ms, found 0 plugins.
Preloading 0 native plugins for Editor in 0.00 ms.
Unloading 1577 Unused Serialized files (Serialized files now loaded: 0)
System memory in use before: 71.8 MB.
System memory in use after: 71.9 MB.

Unloading 28 unused Assets to reduce memory usage. Loaded Objects now: 2019.
Total: 1.437800 ms (FindLiveObjects: 0.185000 ms CreateObjectMapping: 0.030200 ms MarkObjects: 1.203500 ms  DeleteObjects: 0.018000 ms)

========================================================================
Received Import Request.
  Time since last request: 98.824586 seconds.
  path: Assets/Scenes/tutorial2.unity
  artifactKey: Guid(cc2ee82b6e3666b46b30ef197c3c501e) Importer(815301076,1909f56bfc062723c751e8b465ee728b)
Start importing Assets/Scenes/tutorial2.unity using Guid(cc2ee82b6e3666b46b30ef197c3c501e) Importer(815301076,1909f56bfc062723c751e8b465ee728b)  -> (artifact id: '9068f7d7e696b66d1d7c4beea7e3c7d0') in 0.013584 seconds
  Import took 0.016001 seconds .

========================================================================
Received Import Request.
  Time since last request: 0.699624 seconds.
  path: Assets/Scenes/tutorial3.unity
  artifactKey: Guid(436a5cc1e3710ce48923db41db400d00) Importer(815301076,1909f56bfc062723c751e8b465ee728b)
Start importing Assets/Scenes/tutorial3.unity using Guid(436a5cc1e3710ce48923db41db400d00) Importer(815301076,1909f56bfc062723c751e8b465ee728b)  -> (artifact id: '4a8c93e21c10b5e0a12f3fbe05e3e647') in 0.006102 seconds
  Import took 0.008424 seconds .

========================================================================
Received Import Request.
  Time since last request: 0.000957 seconds.
  path: Assets/Scenes/tutorial3.unity
  artifactKey: Guid(436a5cc1e3710ce48923db41db400d00) Importer(815301076,1909f56bfc062723c751e8b465ee728b)
Start importing Assets/Scenes/tutorial3.unity using Guid(436a5cc1e3710ce48923db41db400d00) Importer(815301076,1909f56bfc062723c751e8b465ee728b)  -> (artifact id: '4a8c93e21c10b5e0a12f3fbe05e3e647') in 0.002251 seconds
  Import took 0.004768 seconds .

========================================================================
Received Import Request.
  Time since last request: 0.776032 seconds.
  path: Assets/Scenes/tutorial4.unity
  artifactKey: Guid(e17725f55f14d7c40a5565168ca238f3) Importer(815301076,1909f56bfc062723c751e8b465ee728b)
Start importing Assets/Scenes/tutorial4.unity using Guid(e17725f55f14d7c40a5565168ca238f3) Importer(815301076,1909f56bfc062723c751e8b465ee728b)  -> (artifact id: 'bd7110d2a918fc48a03459dd64ff8a7c') in 0.005659 seconds
  Import took 0.008280 seconds .

========================================================================
Received Import Request.
  Time since last request: 0.001277 seconds.
  path: Assets/Scenes/tutorial4.unity
  artifactKey: Guid(e17725f55f14d7c40a5565168ca238f3) Importer(815301076,1909f56bfc062723c751e8b465ee728b)
Start importing Assets/Scenes/tutorial4.unity using Guid(e17725f55f14d7c40a5565168ca238f3) Importer(815301076,1909f56bfc062723c751e8b465ee728b)  -> (artifact id: 'bd7110d2a918fc48a03459dd64ff8a7c') in 0.002009 seconds
  Import took 0.003871 seconds .

========================================================================
Received Import Request.
  Time since last request: 1.141861 seconds.
  path: Assets/Scenes/tutorial5.unity
  artifactKey: Guid(10bd2b4a837daf245ba1bca5a6a68066) Importer(815301076,1909f56bfc062723c751e8b465ee728b)
Start importing Assets/Scenes/tutorial5.unity using Guid(10bd2b4a837daf245ba1bca5a6a68066) Importer(815301076,1909f56bfc062723c751e8b465ee728b)  -> (artifact id: '9fb8754ce8d090552a3fa512d0941c7a') in 0.006268 seconds
  Import took 0.008620 seconds .

========================================================================
Received Import Request.
  Time since last request: 0.001563 seconds.
  path: Assets/Scenes/tutorial5.unity
  artifactKey: Guid(10bd2b4a837daf245ba1bca5a6a68066) Importer(815301076,1909f56bfc062723c751e8b465ee728b)
Start importing Assets/Scenes/tutorial5.unity using Guid(10bd2b4a837daf245ba1bca5a6a68066) Importer(815301076,1909f56bfc062723c751e8b465ee728b)  -> (artifact id: '9fb8754ce8d090552a3fa512d0941c7a') in 0.002338 seconds
  Import took 0.004651 seconds .

========================================================================
Received Import Request.
  Time since last request: 0.587147 seconds.
  path: Assets/Scenes/stage1-2.unity
  artifactKey: Guid(a4f5c470374c6514383dc95246b5f388) Importer(815301076,1909f56bfc062723c751e8b465ee728b)
Start importing Assets/Scenes/stage1-2.unity using Guid(a4f5c470374c6514383dc95246b5f388) Importer(815301076,1909f56bfc062723c751e8b465ee728b)  -> (artifact id: 'e8a1ec862317ed7410001ca895192682') in 0.005991 seconds
  Import took 0.008620 seconds .

========================================================================
Received Import Request.
  Time since last request: 0.002433 seconds.
  path: Assets/Scenes/stage1-2.unity
  artifactKey: Guid(a4f5c470374c6514383dc95246b5f388) Importer(815301076,1909f56bfc062723c751e8b465ee728b)
Start importing Assets/Scenes/stage1-2.unity using Guid(a4f5c470374c6514383dc95246b5f388) Importer(815301076,1909f56bfc062723c751e8b465ee728b)  -> (artifact id: 'e8a1ec862317ed7410001ca895192682') in 0.002131 seconds
  Import took 0.004388 seconds .

========================================================================
Received Prepare
Registering precompiled user dll's ...
Registered in 0.002947 seconds.
Begin MonoManager ReloadAssembly
Native extension for WindowsStandalone target not found
Refreshing native plugins compatible for Editor in 0.48 ms, found 0 plugins.
Preloading 0 native plugins for Editor in 0.00 ms.
Invoked RoslynAnalysisRunner static constructor.
RoslynAnalysisRunner will not be running.
RoslynAnalysisRunner has terminated.
Mono: successfully reloaded assembly
- Completed reload, in  0.665 seconds
Platform modules already initialized, skipping
Refreshing native plugins compatible for Editor in 0.46 ms, found 0 plugins.
Preloading 0 native plugins for Editor in 0.00 ms.
Unloading 1577 Unused Serialized files (Serialized files now loaded: 0)
System memory in use before: 71.9 MB.
System memory in use after: 72.0 MB.

Unloading 28 unused Assets to reduce memory usage. Loaded Objects now: 2021.
Total: 1.721200 ms (FindLiveObjects: 0.252800 ms CreateObjectMapping: 0.047300 ms MarkObjects: 1.397600 ms  DeleteObjects: 0.022400 ms)

========================================================================
Received Import Request.
  Time since last request: 70.435462 seconds.
  path: Assets/Utils/HackParticleMat.mat
  artifactKey: Guid(537b83a3033b55e4fbd709df4695b329) Importer(815301076,1909f56bfc062723c751e8b465ee728b)
Start importing Assets/Utils/HackParticleMat.mat using Guid(537b83a3033b55e4fbd709df4695b329) Importer(815301076,1909f56bfc062723c751e8b465ee728b)  -> (artifact id: '19192ab7812b54b0edc9df12a9c43dc9') in 0.091867 seconds
  Import took 0.094462 seconds .

========================================================================
Received Import Request.
  Time since last request: 25.513907 seconds.
  path: Assets/Scenes/MovementTestScene 1.unity
  artifactKey: Guid(61475689d081b6c4c80f60c23829ff42) Importer(815301076,1909f56bfc062723c751e8b465ee728b)
Start importing Assets/Scenes/MovementTestScene 1.unity using Guid(61475689d081b6c4c80f60c23829ff42) Importer(815301076,1909f56bfc062723c751e8b465ee728b)  -> (artifact id: 'fae4fcfd8c9d4b5a1b7030911f114db7') in 0.002084 seconds
  Import took 0.004535 seconds .

========================================================================
Received Import Request.
  Time since last request: 0.003953 seconds.
  path: Assets/Scenes/MovementTestScene 1.unity
  artifactKey: Guid(61475689d081b6c4c80f60c23829ff42) Importer(815301076,1909f56bfc062723c751e8b465ee728b)
Start importing Assets/Scenes/MovementTestScene 1.unity using Guid(61475689d081b6c4c80f60c23829ff42) Importer(815301076,1909f56bfc062723c751e8b465ee728b)  -> (artifact id: 'fae4fcfd8c9d4b5a1b7030911f114db7') in 0.001768 seconds
  Import took 0.003783 seconds .

========================================================================
Received Prepare
Registering precompiled user dll's ...
Registered in 0.002693 seconds.
Begin MonoManager ReloadAssembly
Native extension for WindowsStandalone target not found
Refreshing native plugins compatible for Editor in 0.47 ms, found 0 plugins.
Preloading 0 native plugins for Editor in 0.00 ms.
Invoked RoslynAnalysisRunner static constructor.
RoslynAnalysisRunner will not be running.
RoslynAnalysisRunner has terminated.
Mono: successfully reloaded assembly
- Completed reload, in  0.614 seconds
Platform modules already initialized, skipping
Refreshing native plugins compatible for Editor in 0.47 ms, found 0 plugins.
Preloading 0 native plugins for Editor in 0.00 ms.
Unloading 1577 Unused Serialized files (Serialized files now loaded: 0)
System memory in use before: 75.4 MB.
System memory in use after: 75.5 MB.

Unloading 28 unused Assets to reduce memory usage. Loaded Objects now: 2064.
Total: 1.586500 ms (FindLiveObjects: 0.180600 ms CreateObjectMapping: 0.031800 ms MarkObjects: 1.350800 ms  DeleteObjects: 0.022300 ms)

========================================================================
Received Prepare
Registering precompiled user dll's ...
Registered in 0.002632 seconds.
Begin MonoManager ReloadAssembly
Native extension for WindowsStandalone target not found
Refreshing native plugins compatible for Editor in 0.44 ms, found 0 plugins.
Preloading 0 native plugins for Editor in 0.00 ms.
Invoked RoslynAnalysisRunner static constructor.
RoslynAnalysisRunner will not be running.
RoslynAnalysisRunner has terminated.
Mono: successfully reloaded assembly
- Completed reload, in  0.603 seconds
Platform modules already initialized, skipping
Refreshing native plugins compatible for Editor in 0.41 ms, found 0 plugins.
Preloading 0 native plugins for Editor in 0.00 ms.
Unloading 1577 Unused Serialized files (Serialized files now loaded: 0)
System memory in use before: 75.5 MB.
System memory in use after: 75.6 MB.

Unloading 28 unused Assets to reduce memory usage. Loaded Objects now: 2066.
Total: 1.493600 ms (FindLiveObjects: 0.216000 ms CreateObjectMapping: 0.035300 ms MarkObjects: 1.227000 ms  DeleteObjects: 0.014200 ms)

========================================================================
Received Prepare
Registering precompiled user dll's ...
Registered in 0.002692 seconds.
Begin MonoManager ReloadAssembly
Native extension for WindowsStandalone target not found
Refreshing native plugins compatible for Editor in 0.46 ms, found 0 plugins.
Preloading 0 native plugins for Editor in 0.00 ms.
Invoked RoslynAnalysisRunner static constructor.
RoslynAnalysisRunner will not be running.
RoslynAnalysisRunner has terminated.
Mono: successfully reloaded assembly
- Completed reload, in  0.628 seconds
Platform modules already initialized, skipping
Refreshing native plugins compatible for Editor in 0.43 ms, found 0 plugins.
Preloading 0 native plugins for Editor in 0.00 ms.
Unloading 1577 Unused Serialized files (Serialized files now loaded: 0)
System memory in use before: 75.6 MB.
System memory in use after: 75.7 MB.

Unloading 28 unused Assets to reduce memory usage. Loaded Objects now: 2068.
Total: 1.439600 ms (FindLiveObjects: 0.158200 ms CreateObjectMapping: 0.033200 ms MarkObjects: 1.230600 ms  DeleteObjects: 0.016800 ms)

========================================================================
Received Prepare
Registering precompiled user dll's ...
Registered in 0.002654 seconds.
Begin MonoManager ReloadAssembly
Native extension for WindowsStandalone target not found
Refreshing native plugins compatible for Editor in 0.47 ms, found 0 plugins.
Preloading 0 native plugins for Editor in 0.00 ms.
Invoked RoslynAnalysisRunner static constructor.
RoslynAnalysisRunner will not be running.
RoslynAnalysisRunner has terminated.
Mono: successfully reloaded assembly
- Completed reload, in  0.650 seconds
Platform modules already initialized, skipping
Refreshing native plugins compatible for Editor in 0.46 ms, found 0 plugins.
Preloading 0 native plugins for Editor in 0.00 ms.
Unloading 1577 Unused Serialized files (Serialized files now loaded: 0)
System memory in use before: 75.7 MB.
System memory in use after: 75.8 MB.

Unloading 28 unused Assets to reduce memory usage. Loaded Objects now: 2070.
Total: 1.729400 ms (FindLiveObjects: 0.283200 ms CreateObjectMapping: 0.048500 ms MarkObjects: 1.379500 ms  DeleteObjects: 0.017400 ms)

========================================================================
Received Prepare
Registering precompiled user dll's ...
Registered in 0.002676 seconds.
Begin MonoManager ReloadAssembly
Native extension for WindowsStandalone target not found
Refreshing native plugins compatible for Editor in 0.47 ms, found 0 plugins.
Preloading 0 native plugins for Editor in 0.00 ms.
Invoked RoslynAnalysisRunner static constructor.
RoslynAnalysisRunner will not be running.
RoslynAnalysisRunner has terminated.
Mono: successfully reloaded assembly
- Completed reload, in  0.619 seconds
Platform modules already initialized, skipping
Refreshing native plugins compatible for Editor in 0.40 ms, found 0 plugins.
Preloading 0 native plugins for Editor in 0.00 ms.
Unloading 1577 Unused Serialized files (Serialized files now loaded: 0)
System memory in use before: 75.7 MB.
System memory in use after: 75.9 MB.

Unloading 28 unused Assets to reduce memory usage. Loaded Objects now: 2072.
Total: 1.473400 ms (FindLiveObjects: 0.202400 ms CreateObjectMapping: 0.031500 ms MarkObjects: 1.223700 ms  DeleteObjects: 0.015100 ms)

========================================================================
Received Prepare
Registering precompiled user dll's ...
Registered in 0.004247 seconds.
Begin MonoManager ReloadAssembly
Native extension for WindowsStandalone target not found
Refreshing native plugins compatible for Editor in 0.44 ms, found 0 plugins.
Preloading 0 native plugins for Editor in 0.00 ms.
Invoked RoslynAnalysisRunner static constructor.
RoslynAnalysisRunner will not be running.
RoslynAnalysisRunner has terminated.
Mono: successfully reloaded assembly
- Completed reload, in  0.590 seconds
Platform modules already initialized, skipping
Refreshing native plugins compatible for Editor in 0.44 ms, found 0 plugins.
Preloading 0 native plugins for Editor in 0.00 ms.
Unloading 1577 Unused Serialized files (Serialized files now loaded: 0)
System memory in use before: 75.9 MB.
System memory in use after: 76.0 MB.

Unloading 28 unused Assets to reduce memory usage. Loaded Objects now: 2074.
Total: 1.608800 ms (FindLiveObjects: 0.192500 ms CreateObjectMapping: 0.038700 ms MarkObjects: 1.357000 ms  DeleteObjects: 0.019900 ms)

========================================================================
Received Prepare
Registering precompiled user dll's ...
Registered in 0.002735 seconds.
Begin MonoManager ReloadAssembly
Native extension for WindowsStandalone target not found
Refreshing native plugins compatible for Editor in 0.46 ms, found 0 plugins.
Preloading 0 native plugins for Editor in 0.00 ms.
Invoked RoslynAnalysisRunner static constructor.
RoslynAnalysisRunner will not be running.
RoslynAnalysisRunner has terminated.
Mono: successfully reloaded assembly
- Completed reload, in  0.623 seconds
Platform modules already initialized, skipping
Refreshing native plugins compatible for Editor in 0.45 ms, found 0 plugins.
Preloading 0 native plugins for Editor in 0.00 ms.
Unloading 1577 Unused Serialized files (Serialized files now loaded: 0)
System memory in use before: 75.9 MB.
System memory in use after: 76.1 MB.

Unloading 28 unused Assets to reduce memory usage. Loaded Objects now: 2076.
Total: 1.545000 ms (FindLiveObjects: 0.197200 ms CreateObjectMapping: 0.037200 ms MarkObjects: 1.295200 ms  DeleteObjects: 0.014300 ms)

========================================================================
Received Prepare
Registering precompiled user dll's ...
Registered in 0.002739 seconds.
Begin MonoManager ReloadAssembly
Native extension for WindowsStandalone target not found
Refreshing native plugins compatible for Editor in 0.47 ms, found 0 plugins.
Preloading 0 native plugins for Editor in 0.00 ms.
Invoked RoslynAnalysisRunner static constructor.
RoslynAnalysisRunner will not be running.
RoslynAnalysisRunner has terminated.
Mono: successfully reloaded assembly
- Completed reload, in  0.613 seconds
Platform modules already initialized, skipping
Refreshing native plugins compatible for Editor in 0.44 ms, found 0 plugins.
Preloading 0 native plugins for Editor in 0.00 ms.
Unloading 1577 Unused Serialized files (Serialized files now loaded: 0)
System memory in use before: 76.0 MB.
System memory in use after: 76.1 MB.

Unloading 28 unused Assets to reduce memory usage. Loaded Objects now: 2078.
Total: 1.601900 ms (FindLiveObjects: 0.190100 ms CreateObjectMapping: 0.033900 ms MarkObjects: 1.358400 ms  DeleteObjects: 0.018300 ms)

AssetImportWorkerClient::OnTransportError - code=2 error=End of file
